{"contracts\\RECYCLINGCREDITS_RWA.sol":{"l":{"44":16,"46":16,"64":5,"65":5,"67":5,"76":5,"86":5,"87":4,"89":3,"90":3,"98":6,"99":5,"106":4},"path":"D:\\Dev\\recyclingcredits-rwa-solidity\\contracts\\RECYCLINGCREDITS_RWA.sol","s":{"1":16,"2":16,"3":5,"4":5,"5":5,"6":5,"7":4,"8":3,"9":6,"10":5,"11":4},"b":{"1":[5,1],"2":[4,1],"3":[3,1],"4":[5,1]},"f":{"1":16,"2":5,"3":5,"4":6,"5":4},"fnMap":{"1":{"name":"constructor","line":42,"loc":{"start":{"line":42,"column":4},"end":{"line":47,"column":4}}},"2":{"name":"certifyAndMint","line":63,"loc":{"start":{"line":57,"column":4},"end":{"line":77,"column":4}}},"3":{"name":"retire","line":84,"loc":{"start":{"line":84,"column":4},"end":{"line":91,"column":4}}},"4":{"name":"_update","line":97,"loc":{"start":{"line":97,"column":4},"end":{"line":100,"column":4}}},"5":{"name":"supportsInterface","line":105,"loc":{"start":{"line":105,"column":4},"end":{"line":107,"column":4}}}},"statementMap":{"1":{"start":{"line":44,"column":8},"end":{"line":44,"column":51}},"2":{"start":{"line":46,"column":8},"end":{"line":46,"column":47}},"3":{"start":{"line":64,"column":8},"end":{"line":64,"column":40}},"4":{"start":{"line":65,"column":8},"end":{"line":65,"column":32}},"5":{"start":{"line":76,"column":8},"end":{"line":76,"column":76}},"6":{"start":{"line":86,"column":8},"end":{"line":86,"column":80}},"7":{"start":{"line":87,"column":8},"end":{"line":87,"column":78}},"8":{"start":{"line":90,"column":8},"end":{"line":90,"column":47}},"9":{"start":{"line":98,"column":8},"end":{"line":98,"column":90}},"10":{"start":{"line":99,"column":8},"end":{"line":99,"column":47}},"11":{"start":{"line":106,"column":8},"end":{"line":106,"column":51}}},"branchMap":{"1":{"line":63,"type":"if","locations":[{"start":{"line":63,"column":15},"end":{"line":63,"column":15}},{"start":{"line":63,"column":15},"end":{"line":63,"column":15}}]},"2":{"line":86,"type":"if","locations":[{"start":{"line":86,"column":8},"end":{"line":86,"column":8}},{"start":{"line":86,"column":8},"end":{"line":86,"column":8}}]},"3":{"line":87,"type":"if","locations":[{"start":{"line":87,"column":8},"end":{"line":87,"column":8}},{"start":{"line":87,"column":8},"end":{"line":87,"column":8}}]},"4":{"line":98,"type":"if","locations":[{"start":{"line":98,"column":8},"end":{"line":98,"column":8}},{"start":{"line":98,"column":8},"end":{"line":98,"column":8}}]}}}}