TN:
SF:D:\Dev\recyclingcredits-rwa-solidity\contracts\RECYCLINGCREDITS_RWA.sol
FN:42,constructor
FN:63,certifyAndMint
FN:84,retire
FN:97,_update
FN:105,supportsInterface
FNF:5
FNH:5
FNDA:16,constructor
FNDA:5,certifyAndMint
FNDA:5,retire
FNDA:6,_update
FNDA:4,supportsInterface
DA:44,16
DA:46,16
DA:64,5
DA:65,5
DA:67,5
DA:76,5
DA:86,5
DA:87,4
DA:89,3
DA:90,3
DA:98,6
DA:99,5
DA:106,4
LF:13
LH:13
BRDA:63,1,0,5
BRDA:63,1,1,1
BRDA:86,2,0,4
BRDA:86,2,1,1
BRDA:87,3,0,3
BRDA:87,3,1,1
BRDA:98,4,0,5
BRDA:98,4,1,1
BRF:8
BRH:8
end_of_record
